[2026-06-26 21:31:39] [INFO] [TX: TX-30DF59C9] [Session: SS-999] Nhận gói tin mã hóa thành công. Nội dung ẩn: 49eeb47ccb85ed94bcc8...
[2026-06-26 21:31:39] [INFO] [TX: TX-30DF59C9] [Session: SS-999] Chuyển tiếp báo cáo tới người nhận thành công.
[2026-06-26 21:34:21] [INFO] [TX: TX-DBEDB19B] [Session: SS-999] Nhận gói tin mã hóa thành công. Nội dung ẩn: 8f9f317f085a03ff35f4...
[2026-06-26 21:34:21] [INFO] [TX: TX-DBEDB19B] [Session: SS-999] Chuyển tiếp báo cáo tới người nhận thành công.
[2026-06-26 21:39:13] [INFO] [TX: TX-A6DF58] [Session: SS-WEB-101] Nhận & Chuyển tiếp thành công. Bản mã: f52e35a00093b357f5c4...
[2026-06-26 21:41:31] [INFO] [TX: TX-22409C] [Session: SS-WEB-101] Nhận & Chuyển tiếp thành công. Bản mã: a61cc82e7ae441decf6f...
[2026-06-26 21:41:49] [INFO] [TX: TX-9610D1] [Session: SS-WEB-101] Nhận & Chuyển tiếp thành công. Bản mã: 678c75bda2eafc56e6e2...
[2026-06-26 21:42:03] [INFO] [TX: TX-24921C] [Session: SS-WEB-101] Nhận & Chuyển tiếp thành công. Bản mã: d5b6d70d11ac403b38cb...
[2026-06-26 21:49:03] [INFO] [TX: TX-299969] [Session: SS-WEB-101] Nhận & Chuyển tiếp thành công. Bản mã: ad03fe54ef5595b0de82...
[2026-06-26 21:50:11] [INFO] [TX: TX-BC1B89] [Session: SS-WEB-101] Nhận & Chuyển tiếp thành công. Bản mã: 8bac11af41bad33b1e36...
[2026-06-26 21:53:54] [INFO] [TX: TX-ADF55B] [Session: SS-WEB-101] Nhận & Chuyển tiếp thành công. Bản mã: 2bc0dddcb9b8403902ce...
[2026-06-26 21:56:21] [CRITICAL] [TX: TX-ADF55B] [Session: SS-WEB-101] Phát hiện REPLAY ATTACK! Nonce '5c8d71ac90' đã dùng.
[2026-06-26 21:57:07] [CRITICAL] [TX: TX-ADF55B] [Session: SS-WEB-101] Phát hiện REPLAY ATTACK! Nonce '5c8d71ac90' đã dùng.
[2026-06-26 21:58:03] [INFO] [TX: TX-7AB481] [Session: SS-WEB-101] Nhận & Chuyển tiếp thành công. Bản mã: 14656ed6acd39bfb7cc2...
[2026-06-26 21:58:50] [CRITICAL] [TX: TX-7AB481] [Session: SS-WEB-101] Phát hiện REPLAY ATTACK! Nonce '0dc67c0c00' đã dùng.
[2026-06-26 22:17:40] [INFO] [TX: TX-2EBC6C] [Session: SS-WEB-101] Nhận & Chuyển tiếp thành công. Bản mã: b68a395404a9d9d7d089...
[2026-06-26 22:21:29] [INFO] [TX: TX-45FE72] [Session: SS-WEB-101] Nhận & Chuyển tiếp thành công. Bản mã: 94f71436dcf37f430efc...
[2026-06-26 22:25:46] [INFO] [TX: TX-590E6E] [Session: SS-WEB-101] Nhận & Chuyển tiếp thành công. Bản mã: 63694d7668b1f7d6023a...
[2026-06-26 22:29:42] [INFO] [TX: TX-26A69B] [Session: SS-WEB-101] Nhận & Chuyển tiếp thành công. Bản mã: d05e3b81c817...
[2026-06-26 22:30:04] [INFO] [TX: TX-7A039C] [Session: SS-WEB-101] Nhận & Chuyển tiếp thành công. Bản mã: 1a7df11863c72dfda950...
[2026-06-26 22:31:10] [INFO] [TX: TX-34B384] [Session: SS-WEB-101] Nhận & Chuyển tiếp thành công. Bản mã: bcdca4816a5285454209...
[2026-06-26 22:31:18] [INFO] [TX: TX-809EB9] [Session: SS-WEB-101] Nhận & Chuyển tiếp thành công. Bản mã: 7e342d6305cfe5b9ff...
[2026-06-26 22:34:28] [INFO] [TX: TX-052147] [Session: SS-WEB-101] Nhận & Chuyển tiếp thành công. Bản mã: 7db70045d498c878e900...
[2026-06-26 22:35:20] [INFO] [TX: TX-F90CAB] [Session: SS-WEB-101] Nhận & Chuyển tiếp thành công. Bản mã: 6105b187ff4a4abd718b...
[2026-06-26 22:35:27] [INFO] [TX: TX-9B7C09] [Session: SS-WEB-101] Nhận & Chuyển tiếp thành công. Bản mã: 6dfd740e98342b6526...
[2026-06-26 22:35:33] [INFO] [TX: TX-2688F9] [Session: SS-WEB-101] Nhận & Chuyển tiếp thành công. Bản mã: b81df5df226a4cef51...
[2026-06-26 22:38:20] [INFO] [TX: TX-003262] [Session: SS-WEB-101] Nhận & Chuyển tiếp thành công. Bản mã: f4831ec7b790cd906a45...
[2026-06-26 22:38:33] [INFO] [TX: TX-017F8E] [Session: SS-WEB-101] Nhận & Chuyển tiếp thành công. Bản mã: e55ef9e06bfebca5f4d5...
[2026-06-26 22:38:54] [INFO] [TX: TX-FBF765] [Session: SS-WEB-101] Nhận & Chuyển tiếp thành công. Bản mã: 8da21ca61b3aa24db826...
[2026-06-26 22:40:15] [CRITICAL] [TX: TX-F90CAB] [Session: SS-WEB-101] Phát hiện REPLAY ATTACK! Nonce '3f005a846b' đã dùng.
[2026-06-26 22:40:25] [INFO] [TX: TX-AFF1F8] [Session: SS-WEB-101] Nhận & Chuyển tiếp thành công. Bản mã: 331e6c4dc98718902698...
[2026-06-26 22:40:44] [INFO] [TX: TX-DEE0E1] [Session: SS-WEB-101] Nhận & Chuyển tiếp thành công. Bản mã: 5118b5e066d7799a3671...
[2026-06-26 22:41:16] [CRITICAL] [TX: TX-DEE0E1] [Session: SS-WEB-101] Phát hiện REPLAY ATTACK! Nonce 'eee58753fd' đã dùng.
[2026-06-26 22:47:15] [INFO] [TX: TX-BA96AA] [Session: SS-WEB-101] Nhận & Chuyển tiếp thành công. Bản mã: d59430df86d1fffc2339...
[2026-06-26 22:49:59] [INFO] [TX: TX-507085] [Session: SS-WEB-101] Nhận & Chuyển tiếp thành công. Bản mã: 27853500403e30b75ecc...
[2026-06-26 22:50:25] [CRITICAL] [TX: TX-507085] [Session: SS-WEB-101] Phát hiện REPLAY ATTACK! Nonce '458fa5c6d8' đã dùng.
[2026-06-30 22:48:26] [INFO] [TX: TX-B30910] [Session: SS-WEB-101] Nhận & Chuyển tiếp thành công. Bản mã: 381454eb81caaa46a7c5...
[2026-06-30 22:50:50] [INFO] [TX: TX-6316F6] [Session: SS-WEB-101] Nhận & Chuyển tiếp thành công. Bản mã: e736db796b1d9da39556...
[2026-06-30 22:51:03] [INFO] [TX: TX-9EE9AE] [Session: SS-WEB-101] Nhận & Chuyển tiếp thành công. Bản mã: 6e74727e787bb35b769b...
[2026-06-30 22:54:35] [INFO] [TX: TX-D9DABC] [Session: SS-WEB-101] Nhận & Chuyển tiếp thành công. Bản mã: d369f9d8f9e1407825a2...
[2026-06-30 22:55:48] [CRITICAL] [TX: TX-D9DABC] [Session: SS-WEB-101] Phát hiện REPLAY ATTACK! Nonce '9dc94341de' đã dùng.
[2026-06-30 22:57:27] [INFO] [TX: TX-670B4E] [Session: SS-WEB-101] Nhận & Chuyển tiếp thành công. Bản mã: 9246ced085b3b7e46f6a...
[2026-06-30 23:01:29] [INFO] [TX: TX-A60866] [Session: SS-WEB-101] Nhận & Chuyển tiếp thành công. Bản mã: 129b467b033cc01a2496...
[2026-07-01 23:45:04] [INFO] [TX: TX-E62F99] [Session: SS-WEB-101] Nhận & Chuyển tiếp thành công. Bản mã: 4a485ba7160cd46a6eeb...
[2026-07-01 23:45:15] [INFO] [TX: TX-1EF546] [Session: SS-WEB-101] Nhận & Chuyển tiếp thành công. Bản mã: 85ea67148d32c177dc30...
[2026-07-01 23:46:05] [INFO] [TX: TX-474AEE] [Session: SS-WEB-101] Nhận & Chuyển tiếp thành công. Bản mã: d7a268875178631c462a...
[2026-07-01 23:46:31] [CRITICAL] [TX: TX-474AEE] [Session: SS-WEB-101] Phát hiện REPLAY ATTACK! Nonce '9ccde3f81c' đã dùng.
[2026-07-05 21:54:38] [INFO] [TX: TX-C048A7] [Session: SS-WEB-101] Nhận & Chuyển tiếp thành công. Bản mã: 854ae6057cdad5108a31...
[2026-07-05 21:55:38] [INFO] [TX: TX-CAB5E5] [Session: SS-WEB-101] Nhận & Chuyển tiếp thành công. Bản mã: 4c50dda8095d26effb2c...
[2026-07-05 21:56:06] [CRITICAL] [TX: TX-CAB5E5] [Session: SS-WEB-101] Phát hiện REPLAY ATTACK! Nonce '59b86cce05' đã dùng.
[2026-07-07 21:33:40] [INFO] [TX: TX-FB80BD] [Session: SS-WEB-101] Nhận & Chuyển tiếp thành công. Bản mã: 247934bebcc8da89b1cb...
[2026-07-07 21:35:13] [INFO] [TX: TX-860678] [Session: SS-WEB-101] Nhận & Chuyển tiếp thành công. Bản mã: 736728c4f73167338a87...
[2026-07-07 21:36:53] [INFO] [TX: TX-57318B] [Session: SS-WEB-101] Nhận & Chuyển tiếp thành công. Bản mã: 836d9a7f2e55626e7361...
[2026-07-07 21:37:45] [CRITICAL] [TX: TX-57318B] [Session: SS-WEB-101] Phát hiện REPLAY ATTACK! Nonce '2c02f94642' đã dùng.
[2026-07-07 21:45:26] [INFO] [TX: TX-EAA863] [Session: SS-WEB-101] Nhận & Chuyển tiếp thành công. Bản mã: ca916701bcd5f54d1d1d...
[2026-07-07 21:51:03] [WARN] [TX: TX-EAA863] [Session: SS-WEB-101] Từ chối: Timestamp quá hạn.
[2026-07-07 21:51:23] [INFO] [TX: TX-8779E9] [Session: SS-WEB-101] Nhận & Chuyển tiếp thành công. Bản mã: b72b95bbe3b093f38db0...
[2026-07-07 21:52:07] [CRITICAL] [TX: TX-8779E9] [Session: SS-WEB-101] Phát hiện REPLAY ATTACK! Nonce 'fa15fc34c8' đã dùng.
[2026-07-07 21:58:32] [INFO] [TX: TX-B9B9B4] [Session: SS-WEB-101] Nhận & Chuyển tiếp thành công. Bản mã: 0d780bc0537444d1abab...
[2026-07-07 22:00:00] [CRITICAL] [TX: TX-B9B9B4] [Session: SS-WEB-101] Phát hiện REPLAY ATTACK! Nonce 'e9f67aef5f' đã dùng.
[2026-07-08 10:18:00] [INFO] [TX: TX-9AAC5D] [Session: SS-WEB-101] Nhận & Chuyển tiếp thành công. Bản mã: 9ecfd81d26fc17edbe54...
[2026-07-08 10:18:06] [INFO] [TX: TX-5DC556] [Session: SS-WEB-101] Nhận & Chuyển tiếp thành công. Bản mã: bf7c30f46c...
[2026-07-08 10:30:55] [INFO] [TX: TX-E502D8] [Session: SS-WEB-101] Nhận & Chuyển tiếp thành công. Bản mã: 27f071b23d15a1...
[2026-07-08 10:37:44] [INFO] [TX: TX-1F1E5A] [Session: SS-WEB-101] Nhận & Chuyển tiếp thành công. Bản mã: 5a43e52a64fd1684daa3...
